Determining if the pthread_create exist failed with the following output:
Change Dir: /home/yuruh/rendu/cpp/rtype/server/CMakeFiles/CMakeTmp

Run Build Command:"/usr/bin/make" "cmTC_23562/fast"
/usr/bin/make -f CMakeFiles/cmTC_23562.dir/build.make CMakeFiles/cmTC_23562.dir/build
make[1] : on entre dans le répertoire « /home/yuruh/rendu/cpp/rtype/server/CMakeFiles/CMakeTmp »
Building C object CMakeFiles/cmTC_23562.dir/CheckSymbolExists.c.o
/usr/bin/cc     -o CMakeFiles/cmTC_23562.dir/CheckSymbolExists.c.o   -c /home/yuruh/rendu/cpp/rtype/server/CMakeFiles/CMakeTmp/CheckSymbolExists.c
Linking C executable cmTC_23562
/usr/bin/cmake -E cmake_link_script CMakeFiles/cmTC_23562.dir/link.txt --verbose=1
/usr/bin/cc       CMakeFiles/cmTC_23562.dir/CheckSymbolExists.c.o  -o cmTC_23562 -rdynamic 
CMakeFiles/cmTC_23562.dir/CheckSymbolExists.c.o : Dans la fonction « main » :
CheckSymbolExists.c:(.text+0x16) : référence indéfinie vers « pthread_create »
collect2: error: ld returned 1 exit status
CMakeFiles/cmTC_23562.dir/build.make:97 : la recette pour la cible « cmTC_23562 » a échouée
make[1]: *** [cmTC_23562] Erreur 1
make[1] : on quitte le répertoire « /home/yuruh/rendu/cpp/rtype/server/CMakeFiles/CMakeTmp »
Makefile:126 : la recette pour la cible « cmTC_23562/fast » a échouée
make: *** [cmTC_23562/fast] Erreur 2

File /home/yuruh/rendu/cpp/rtype/server/CMakeFiles/CMakeTmp/CheckSymbolExists.c:
/* */
#include <pthread.h>

int main(int argc, char** argv)
{
  (void)argv;
#ifndef pthread_create
  return ((int*)(&pthread_create))[argc];
#else
  (void)argc;
  return 0;
#endif
}

